<?xml version="1.0" encoding="UTF-8"?>
<!-- Generated by org.testng.reporters.JUnitReportReporter -->
<testsuite hostname="LAPTOP-QUMG6PNP" failures="0" tests="1" name="hachion.navyamaven.rediffloginTest" time="37.879" errors="0" timestamp="2022-04-25T20:20:21 IST" skipped="0">
  <testcase classname="hachion.navyamaven.rediffloginTest" name="redifflogintest" time="37.879"/>
  <system-out/>
</testsuite> <!-- hachion.navyamaven.rediffloginTest -->
